<?xml version="1.0" encoding="UTF-8"?>
<!-- Generated by org.testng.reporters.JUnitReportReporter -->
<testsuite hostname="LAPTOP-RAGTTIV5" failures="0" tests="6" name="tests.LogoutTest" time="106.615" errors="0" timestamp="2025-04-17T00:57:56 IST" skipped="0">
  <testcase classname="tests.LogoutTest" name="logoutBtnVisible" time="21.928"/>
  <testcase classname="tests.LogoutTest" name="validLogout" time="27.798"/>
  <testcase classname="tests.LogoutTest" name="accessCartMenu" time="17.231"/>
  <testcase classname="tests.LogoutTest" name="sessionclearAfterLogout" time="13.202"/>
  <testcase classname="tests.LogoutTest" name="LogoutwithoutLogin" time="4.132"/>
  <testcase classname="tests.LogoutTest" name="testMultipleLogouts" time="22.324"/>
</testsuite> <!-- tests.LogoutTest -->
