<?xml version="1.0" encoding="UTF-8"?>
<!-- Generated by org.testng.reporters.JUnitReportReporter -->
<testsuite hostname="LAPTOP-RAGTTIV5" failures="0" tests="4" name="tests.HomePageTest" time="48.836" errors="0" timestamp="2025-04-17T00:57:56 IST" skipped="0">
  <testcase classname="tests.HomePageTest" name="testWelcomeUsernameDisplayed" time="12.037"/>
  <testcase classname="tests.HomePageTest" name="testHomePageElements" time="19.698"/>
  <testcase classname="tests.HomePageTest" name="testWelcomeTextMismatch" time="5.308"/>
  <testcase classname="tests.HomePageTest" name="printAllHomePageTexts" time="11.793"/>
</testsuite> <!-- tests.HomePageTest -->
