<?xml version="1.0" encoding="UTF-8"?>
<!-- Generated by org.testng.reporters.JUnitReportReporter -->
<testsuite hostname="LAPTOP-RAGTTIV5" failures="0" tests="9" name="tests.LoginTest" time="88.956" errors="0" timestamp="2025-04-15T03:09:30 IST" skipped="0">
  <testcase classname="tests.LoginTest" name="testValidLogin" time="9.986"/>
  <testcase classname="tests.LoginTest" name="testValidLogin" time="10.001"/>
  <testcase classname="tests.LoginTest" name="testValidLogin" time="9.707"/>
  <testcase classname="tests.LoginTest" name="testValidLogin" time="10.143"/>
  <testcase classname="tests.LoginTest" name="testValidLogin" time="9.653"/>
  <testcase classname="tests.LoginTest" name="testValidLogin" time="9.758"/>
  <testcase classname="tests.LoginTest" name="testValidLogin" time="9.757"/>
  <testcase classname="tests.LoginTest" name="testValidLogin" time="10.263"/>
  <testcase classname="tests.LoginTest" name="testValidLogin" time="9.688"/>
</testsuite> <!-- tests.LoginTest -->
