<?xml version="1.0" encoding="UTF-8"?>
<!-- Generated by org.testng.reporters.JUnitReportReporter -->
<testsuite hostname="LAPTOP-RAGTTIV5" failures="0" tests="9" name="tests.SignUpTest" time="101.904" errors="0" timestamp="2025-04-15T03:09:30 IST" skipped="0">
  <testcase classname="tests.SignUpTest" name="testSignUppage" time="11.019"/>
  <testcase classname="tests.SignUpTest" name="testSignUppage" time="11.316"/>
  <testcase classname="tests.SignUpTest" name="testSignUppage" time="11.177"/>
  <testcase classname="tests.SignUpTest" name="testSignUppage" time="11.022"/>
  <testcase classname="tests.SignUpTest" name="testSignUppage" time="11.156"/>
  <testcase classname="tests.SignUpTest" name="testSignUppage" time="11.196"/>
  <testcase classname="tests.SignUpTest" name="testSignUppage" time="11.103"/>
  <testcase classname="tests.SignUpTest" name="testSignUppage" time="11.361"/>
  <testcase classname="tests.SignUpTest" name="testSignUppage" time="12.554"/>
</testsuite> <!-- tests.SignUpTest -->
